    WARNING: The character ẞ (U+1e9e) exists in the entry for VK_S, ShiftState 'Ctrl' of the layout table and is not in the default system code page (1252) of the English (Canada) language you specified. This may cause compatibility problems in non-Unicode applications.
    WARNING: ´ (U+00b4) is already defined more than once on the keyboard (on VK_OEM_2, ShiftState 'Ctl+Alt' and VK_OEM_2, ShiftState 'Base').
    WARNING: ~ (U+007e) is already defined more than once on the keyboard (on VK_OEM_3, ShiftState 'Shift' and VK_OEM_1, ShiftState 'Ctl+Alt').
    WARNING: The character ˇ (U+02c7) exists in the entry for VK_OEM_5, ShiftState 'Base' of the layout table and is not in the default system code page (1252) of the English (Canada) language you specified. This may cause compatibility problems in non-Unicode applications.
    WARNING: '«' defined on OEM_102 (Base) but not defined elsewhere. This key may not be present on all keyboards.
    WARNING: '»' defined on OEM_102 (Shift) but not defined elsewhere. This key may not be present on all keyboards.
    WARNING: '°' defined on OEM_102 (Ctl+Alt) but not defined elsewhere. This key may not be present on all keyboards.
    WARNING: The dead key ´ (U+00b4) when combined with n (U+006e) returns ń (U+0144), but ń (U+0144) is not on the default system code page (1252) of the English (Canada) language you specified. This may cause compatibility problems in non-Unicode applications.
    WARNING: The dead key ´ (U+00b4) when combined with c (U+0063) returns ć (U+0107), but ć (U+0107) is not on the default system code page (1252) of the English (Canada) language you specified. This may cause compatibility problems in non-Unicode applications.
    WARNING: The dead key ´ (U+00b4) when combined with s (U+0073) returns ś (U+015b), but ś (U+015b) is not on the default system code page (1252) of the English (Canada) language you specified. This may cause compatibility problems in non-Unicode applications.
    WARNING: The dead key ´ (U+00b4) when combined with l (U+006c) returns ĺ (U+013a), but ĺ (U+013a) is not on the default system code page (1252) of the English (Canada) language you specified. This may cause compatibility problems in non-Unicode applications.
    WARNING: The dead key ´ (U+00b4) when combined with r (U+0072) returns ŕ (U+0155), but ŕ (U+0155) is not on the default system code page (1252) of the English (Canada) language you specified. This may cause compatibility problems in non-Unicode applications.
    WARNING: The dead key ´ (U+00b4) when combined with z (U+007a) returns ź (U+017a), but ź (U+017a) is not on the default system code page (1252) of the English (Canada) language you specified. This may cause compatibility problems in non-Unicode applications.
    WARNING: The dead key ´ (U+00b4) when combined with N (U+004e) returns Ń (U+0143), but Ń (U+0143) is not on the default system code page (1252) of the English (Canada) language you specified. This may cause compatibility problems in non-Unicode applications.
    WARNING: The dead key ´ (U+00b4) when combined with C (U+0043) returns Ć (U+0106), but Ć (U+0106) is not on the default system code page (1252) of the English (Canada) language you specified. This may cause compatibility problems in non-Unicode applications.
    WARNING: The dead key ´ (U+00b4) when combined with S (U+0053) returns Ś (U+015a), but Ś (U+015a) is not on the default system code page (1252) of the English (Canada) language you specified. This may cause compatibility problems in non-Unicode applications.
    WARNING: The dead key ´ (U+00b4) when combined with L (U+004c) returns Ĺ (U+0139), but Ĺ (U+0139) is not on the default system code page (1252) of the English (Canada) language you specified. This may cause compatibility problems in non-Unicode applications.
    WARNING: The dead key ´ (U+00b4) when combined with R (U+0052) returns Ŕ (U+0154), but Ŕ (U+0154) is not on the default system code page (1252) of the English (Canada) language you specified. This may cause compatibility problems in non-Unicode applications.
    WARNING: The dead key ´ (U+00b4) when combined with Z (U+005a) returns Ź (U+0179), but Ź (U+0179) is not on the default system code page (1252) of the English (Canada) language you specified. This may cause compatibility problems in non-Unicode applications.
    WARNING: The dead key ´ (U+00b4) when combined with n (U+006e) returns ń (U+0144), but ń (U+0144) is not on the default system code page (1252) of the English (Canada) language you specified. This may cause compatibility problems in non-Unicode applications.
    WARNING: The dead key ´ (U+00b4) when combined with c (U+0063) returns ć (U+0107), but ć (U+0107) is not on the default system code page (1252) of the English (Canada) language you specified. This may cause compatibility problems in non-Unicode applications.
    WARNING: The dead key ´ (U+00b4) when combined with s (U+0073) returns ś (U+015b), but ś (U+015b) is not on the default system code page (1252) of the English (Canada) language you specified. This may cause compatibility problems in non-Unicode applications.
    WARNING: The dead key ´ (U+00b4) when combined with l (U+006c) returns ĺ (U+013a), but ĺ (U+013a) is not on the default system code page (1252) of the English (Canada) language you specified. This may cause compatibility problems in non-Unicode applications.
    WARNING: The dead key ´ (U+00b4) when combined with r (U+0072) returns ŕ (U+0155), but ŕ (U+0155) is not on the default system code page (1252) of the English (Canada) language you specified. This may cause compatibility problems in non-Unicode applications.
    WARNING: The dead key ´ (U+00b4) when combined with z (U+007a) returns ź (U+017a), but ź (U+017a) is not on the default system code page (1252) of the English (Canada) language you specified. This may cause compatibility problems in non-Unicode applications.
    WARNING: The dead key ´ (U+00b4) when combined with N (U+004e) returns Ń (U+0143), but Ń (U+0143) is not on the default system code page (1252) of the English (Canada) language you specified. This may cause compatibility problems in non-Unicode applications.
    WARNING: The dead key ´ (U+00b4) when combined with C (U+0043) returns Ć (U+0106), but Ć (U+0106) is not on the default system code page (1252) of the English (Canada) language you specified. This may cause compatibility problems in non-Unicode applications.
    WARNING: The dead key ´ (U+00b4) when combined with S (U+0053) returns Ś (U+015a), but Ś (U+015a) is not on the default system code page (1252) of the English (Canada) language you specified. This may cause compatibility problems in non-Unicode applications.
    WARNING: The dead key ´ (U+00b4) when combined with L (U+004c) returns Ĺ (U+0139), but Ĺ (U+0139) is not on the default system code page (1252) of the English (Canada) language you specified. This may cause compatibility problems in non-Unicode applications.
    WARNING: The dead key ´ (U+00b4) when combined with R (U+0052) returns Ŕ (U+0154), but Ŕ (U+0154) is not on the default system code page (1252) of the English (Canada) language you specified. This may cause compatibility problems in non-Unicode applications.
    WARNING: The dead key ´ (U+00b4) when combined with Z (U+005a) returns Ź (U+0179), but Ź (U+0179) is not on the default system code page (1252) of the English (Canada) language you specified. This may cause compatibility problems in non-Unicode applications.
    WARNING: The dead key ¸ (U+00b8) when combined with n (U+006e) returns ņ (U+0146), but ņ (U+0146) is not on the default system code page (1252) of the English (Canada) language you specified. This may cause compatibility problems in non-Unicode applications.
    WARNING: The dead key ¸ (U+00b8) when combined with g (U+0067) returns ģ (U+0123), but ģ (U+0123) is not on the default system code page (1252) of the English (Canada) language you specified. This may cause compatibility problems in non-Unicode applications.
    WARNING: The dead key ¸ (U+00b8) when combined with s (U+0073) returns ş (U+015f), but ş (U+015f) is not on the default system code page (1252) of the English (Canada) language you specified. This may cause compatibility problems in non-Unicode applications.
    WARNING: The dead key ¸ (U+00b8) when combined with l (U+006c) returns ļ (U+013c), but ļ (U+013c) is not on the default system code page (1252) of the English (Canada) language you specified. This may cause compatibility problems in non-Unicode applications.
    WARNING: The dead key ¸ (U+00b8) when combined with k (U+006b) returns ķ (U+0137), but ķ (U+0137) is not on the default system code page (1252) of the English (Canada) language you specified. This may cause compatibility problems in non-Unicode applications.
    WARNING: The dead key ¸ (U+00b8) when combined with r (U+0072) returns ŗ (U+0157), but ŗ (U+0157) is not on the default system code page (1252) of the English (Canada) language you specified. This may cause compatibility problems in non-Unicode applications.
    WARNING: The dead key ¸ (U+00b8) when combined with t (U+0074) returns ţ (U+0163), but ţ (U+0163) is not on the default system code page (1252) of the English (Canada) language you specified. This may cause compatibility problems in non-Unicode applications.
    WARNING: The dead key ¸ (U+00b8) when combined with N (U+004e) returns Ņ (U+0145), but Ņ (U+0145) is not on the default system code page (1252) of the English (Canada) language you specified. This may cause compatibility problems in non-Unicode applications.
    WARNING: The dead key ¸ (U+00b8) when combined with G (U+0047) returns Ģ (U+0122), but Ģ (U+0122) is not on the default system code page (1252) of the English (Canada) language you specified. This may cause compatibility problems in non-Unicode applications.
    WARNING: The dead key ¸ (U+00b8) when combined with S (U+0053) returns Ş (U+015e), but Ş (U+015e) is not on the default system code page (1252) of the English (Canada) language you specified. This may cause compatibility problems in non-Unicode applications.
    WARNING: The dead key ¸ (U+00b8) when combined with L (U+004c) returns Ļ (U+013b), but Ļ (U+013b) is not on the default system code page (1252) of the English (Canada) language you specified. This may cause compatibility problems in non-Unicode applications.
    WARNING: The dead key ¸ (U+00b8) when combined with K (U+004b) returns Ķ (U+0136), but Ķ (U+0136) is not on the default system code page (1252) of the English (Canada) language you specified. This may cause compatibility problems in non-Unicode applications.
    WARNING: The dead key ¸ (U+00b8) when combined with R (U+0052) returns Ŗ (U+0156), but Ŗ (U+0156) is not on the default system code page (1252) of the English (Canada) language you specified. This may cause compatibility problems in non-Unicode applications.
    WARNING: The dead key ¸ (U+00b8) when combined with T (U+0054) returns Ţ (U+0162), but Ţ (U+0162) is not on the default system code page (1252) of the English (Canada) language you specified. This may cause compatibility problems in non-Unicode applications.
    WARNING: The dead key ˇ (U+02c7) when combined with n (U+006e) returns ň (U+0148), but ň (U+0148) is not on the default system code page (1252) of the English (Canada) language you specified. This may cause compatibility problems in non-Unicode applications.
    WARNING: The dead key ˇ (U+02c7) when combined with c (U+0063) returns č (U+010d), but č (U+010d) is not on the default system code page (1252) of the English (Canada) language you specified. This may cause compatibility problems in non-Unicode applications.
    WARNING: The dead key ˇ (U+02c7) when combined with d (U+0064) returns ď (U+010f), but ď (U+010f) is not on the default system code page (1252) of the English (Canada) language you specified. This may cause compatibility problems in non-Unicode applications.
    WARNING: The dead key ˇ (U+02c7) when combined with l (U+006c) returns ľ (U+013e), but ľ (U+013e) is not on the default system code page (1252) of the English (Canada) language you specified. This may cause compatibility problems in non-Unicode applications.
    WARNING: The dead key ˇ (U+02c7) when combined with e (U+0065) returns ě (U+011b), but ě (U+011b) is not on the default system code page (1252) of the English (Canada) language you specified. This may cause compatibility problems in non-Unicode applications.
    WARNING: The dead key ˇ (U+02c7) when combined with r (U+0072) returns ř (U+0159), but ř (U+0159) is not on the default system code page (1252) of the English (Canada) language you specified. This may cause compatibility problems in non-Unicode applications.
    WARNING: The dead key ˇ (U+02c7) when combined with t (U+0074) returns ť (U+0165), but ť (U+0165) is not on the default system code page (1252) of the English (Canada) language you specified. This may cause compatibility problems in non-Unicode applications.
    WARNING: The dead key ˇ (U+02c7) when combined with N (U+004e) returns Ň (U+0147), but Ň (U+0147) is not on the default system code page (1252) of the English (Canada) language you specified. This may cause compatibility problems in non-Unicode applications.
    WARNING: The dead key ˇ (U+02c7) when combined with C (U+0043) returns Č (U+010c), but Č (U+010c) is not on the default system code page (1252) of the English (Canada) language you specified. This may cause compatibility problems in non-Unicode applications.
    WARNING: The dead key ˇ (U+02c7) when combined with D (U+0044) returns Ď (U+010e), but Ď (U+010e) is not on the default system code page (1252) of the English (Canada) language you specified. This may cause compatibility problems in non-Unicode applications.
    WARNING: The dead key ˇ (U+02c7) when combined with L (U+004c) returns Ľ (U+013d), but Ľ (U+013d) is not on the default system code page (1252) of the English (Canada) language you specified. This may cause compatibility problems in non-Unicode applications.
    WARNING: The dead key ˇ (U+02c7) when combined with E (U+0045) returns Ě (U+011a), but Ě (U+011a) is not on the default system code page (1252) of the English (Canada) language you specified. This may cause compatibility problems in non-Unicode applications.
    WARNING: The dead key ˇ (U+02c7) when combined with R (U+0052) returns Ř (U+0158), but Ř (U+0158) is not on the default system code page (1252) of the English (Canada) language you specified. This may cause compatibility problems in non-Unicode applications.
    WARNING: The dead key ˇ (U+02c7) when combined with T (U+0054) returns Ť (U+0164), but Ť (U+0164) is not on the default system code page (1252) of the English (Canada) language you specified. This may cause compatibility problems in non-Unicode applications.
    WARNING: The dead key ˇ (U+02c7) when combined with   (U+0020) returns ˇ (U+02c7), but ˇ (U+02c7) is not on the default system code page (1252) of the English (Canada) language you specified. This may cause compatibility problems in non-Unicode applications.
    WARNING: The dead key ° (U+00b0) when combined with u (U+0075) returns ů (U+016f), but ů (U+016f) is not on the default system code page (1252) of the English (Canada) language you specified. This may cause compatibility problems in non-Unicode applications.
    WARNING: The dead key ° (U+00b0) when combined with U (U+0055) returns Ů (U+016e), but Ů (U+016e) is not on the default system code page (1252) of the English (Canada) language you specified. This may cause compatibility problems in non-Unicode applications.
